<?xml version="1.0" encoding="utf-8"?>
<TestRun id="47a5726e-0c18-4ad7-a423-9920f937f0af" name="CRKRL-SAUDDSER1$@CRKRL-SAUDDSER1 2022-02-15 13:31:54" runUser="NT AUTHORITY\SYSTEM" xmlns="http://microsoft.com/schemas/VisualStudio/TeamTest/2010">
  <Times creation="2022-02-15T13:31:54.2108411+05:00" queuing="2022-02-15T13:31:54.2108411+05:00" start="2022-02-15T13:31:31.7087035+05:00" finish="2022-02-15T13:31:54.2617940+05:00" />
  <TestSettings name="default" id="63bbfac2-3daa-4a2d-9bf8-ba216177c32a">
    <Deployment runDeploymentRoot="CRKRL-SAUDDSER1$_CRKRL-SAUDDSER1_2022-02-15_13_31_54" />
  </TestSettings>
  <Results>
    <UnitTestResult executionId="2a02937c-9171-472e-9188-716e83942113" testId="d8963d31-d29e-43e3-9c15-40526552dc84" testName="TestMethod_Login (Data Row 0)" computerName="CRKRL-SAUDDSER1" duration="00:00:04.1072378" startTime="2022-02-15T13:31:33.0266605+05:00" endTime="2022-02-15T13:31:54.0979719+05:00" testType="13cdc9d9-ddb5-4fa4-a97d-d965ccfc6d4b" outcome="Passed" testListId="8c84fa94-04c1-424b-9868-57a2d4851a1d" relativeResultsDirectory="2a02937c-9171-472e-9188-716e83942113">
      <Output>
        <StdOut>PRODUCTS</StdOut>
      </Output>
    </UnitTestResult>
    <UnitTestResult executionId="00ee1fec-8c4b-4c70-8f71-d3852039943a" testId="e95e4034-bf47-4273-a402-e475d32e9d00" testName="TestMethod_Login (Data Row 3)" computerName="CRKRL-SAUDDSER1" duration="00:00:09.4886513" startTime="2022-02-15T13:31:33.0266605+05:00" endTime="2022-02-15T13:31:54.0979719+05:00" testType="13cdc9d9-ddb5-4fa4-a97d-d965ccfc6d4b" outcome="Passed" testListId="8c84fa94-04c1-424b-9868-57a2d4851a1d" relativeResultsDirectory="00ee1fec-8c4b-4c70-8f71-d3852039943a">
      <Output>
        <StdOut>PRODUCTS</StdOut>
      </Output>
    </UnitTestResult>
    <UnitTestResult executionId="b9fca4f1-e3e0-468f-bf8c-ebf4be198980" testId="21c786eb-7c4b-4553-a74c-d3edaf92bd57" testName="TestMethod_Login (Data Row 1)" computerName="CRKRL-SAUDDSER1" duration="00:00:03.5769679" startTime="2022-02-15T13:31:33.0266605+05:00" endTime="2022-02-15T13:31:54.0979719+05:00" testType="13cdc9d9-ddb5-4fa4-a97d-d965ccfc6d4b" outcome="Failed" testListId="8c84fa94-04c1-424b-9868-57a2d4851a1d" relativeResultsDirectory="b9fca4f1-e3e0-468f-bf8c-ebf4be198980">
      <Output>
        <ErrorInfo>
          <Message>Test method SauceLabs.TestExecution.TestMethod_Login threw exception: &#xD;
OpenQA.Selenium.NoSuchElementException: no such element: Unable to locate element: {"method":"css selector","selector":".title"}
  (Session info: chrome=98.0.4758.102)</Message>
          <StackTrace>    at OpenQA.Selenium.WebDriver.UnpackAndThrowOnError(Response errorResponse)&#xD;
   at OpenQA.Selenium.WebDriver.Execute(String driverCommandToExecute, Dictionary`2 parameters)&#xD;
   at OpenQA.Selenium.WebDriver.FindElement(String mechanism, String value)&#xD;
   at OpenQA.Selenium.By.&lt;.ctor&gt;b__11_0(ISearchContext context)&#xD;
   at OpenQA.Selenium.By.FindElement(ISearchContext context)&#xD;
   at OpenQA.Selenium.WebDriver.FindElement(By by)&#xD;
   at SauceLabs.Asserts.Verification(IWebDriver driver, String locatorval, String message) in D:\OneDrive - Constellation HomeBuilder Systems\VSprojects\SauceLabs\Core\Assert.cs:line 18&#xD;
   at SauceLabs.TestExecution.TestMethod_Login() in D:\OneDrive - Constellation HomeBuilder Systems\VSprojects\SauceLabs\TestExecution.cs:line 38&#xD;
</StackTrace>
        </ErrorInfo>
      </Output>
    </UnitTestResult>
    <UnitTestResult executionId="9920e02e-3ca2-404f-9970-ad84d9f36cbc" testId="196666c6-f0c0-4c5e-aa8d-54e6b271cb62" testName="TestMethod_Login (Data Row 2)" computerName="CRKRL-SAUDDSER1" duration="00:00:03.4721455" startTime="2022-02-15T13:31:33.0266605+05:00" endTime="2022-02-15T13:31:54.0979719+05:00" testType="13cdc9d9-ddb5-4fa4-a97d-d965ccfc6d4b" outcome="Failed" testListId="8c84fa94-04c1-424b-9868-57a2d4851a1d" relativeResultsDirectory="9920e02e-3ca2-404f-9970-ad84d9f36cbc">
      <Output>
        <ErrorInfo>
          <Message>Test method SauceLabs.TestExecution.TestMethod_Login threw exception: &#xD;
OpenQA.Selenium.NoSuchElementException: no such element: Unable to locate element: {"method":"css selector","selector":".title"}
  (Session info: chrome=98.0.4758.102)</Message>
          <StackTrace>    at OpenQA.Selenium.WebDriver.UnpackAndThrowOnError(Response errorResponse)&#xD;
   at OpenQA.Selenium.WebDriver.Execute(String driverCommandToExecute, Dictionary`2 parameters)&#xD;
   at OpenQA.Selenium.WebDriver.FindElement(String mechanism, String value)&#xD;
   at OpenQA.Selenium.By.&lt;.ctor&gt;b__11_0(ISearchContext context)&#xD;
   at OpenQA.Selenium.By.FindElement(ISearchContext context)&#xD;
   at OpenQA.Selenium.WebDriver.FindElement(By by)&#xD;
   at SauceLabs.Asserts.Verification(IWebDriver driver, String locatorval, String message) in D:\OneDrive - Constellation HomeBuilder Systems\VSprojects\SauceLabs\Core\Assert.cs:line 18&#xD;
   at SauceLabs.TestExecution.TestMethod_Login() in D:\OneDrive - Constellation HomeBuilder Systems\VSprojects\SauceLabs\TestExecution.cs:line 38&#xD;
</StackTrace>
        </ErrorInfo>
      </Output>
    </UnitTestResult>
  </Results>
  <TestDefinitions>
    <UnitTest name="TestMethod_Login (Data Row 0)" storage="d:\onedrive - constellation homebuilder systems\vsprojects\saucelabs\bin\debug\saucelabs.dll" id="d8963d31-d29e-43e3-9c15-40526552dc84">
      <TestCategory>
        <TestCategoryItem TestCategory="Positive" />
        <TestCategoryItem TestCategory="Login" />
        <TestCategoryItem TestCategory="xml" />
      </TestCategory>
      <Execution id="2a02937c-9171-472e-9188-716e83942113" />
      <TestMethod codeBase="D:\OneDrive - Constellation HomeBuilder Systems\VSprojects\SauceLabs\bin\Debug\SauceLabs.dll" adapterTypeName="executor://mstestadapter/v2" className="SauceLabs.TestExecution" name="TestMethod_Login" />
    </UnitTest>
    <UnitTest name="TestMethod_Login (Data Row 2)" storage="d:\onedrive - constellation homebuilder systems\vsprojects\saucelabs\bin\debug\saucelabs.dll" id="196666c6-f0c0-4c5e-aa8d-54e6b271cb62">
      <TestCategory>
        <TestCategoryItem TestCategory="Positive" />
        <TestCategoryItem TestCategory="Login" />
        <TestCategoryItem TestCategory="xml" />
      </TestCategory>
      <Execution id="9920e02e-3ca2-404f-9970-ad84d9f36cbc" />
      <TestMethod codeBase="D:\OneDrive - Constellation HomeBuilder Systems\VSprojects\SauceLabs\bin\Debug\SauceLabs.dll" adapterTypeName="executor://mstestadapter/v2" className="SauceLabs.TestExecution" name="TestMethod_Login" />
    </UnitTest>
    <UnitTest name="TestMethod_Login (Data Row 3)" storage="d:\onedrive - constellation homebuilder systems\vsprojects\saucelabs\bin\debug\saucelabs.dll" id="e95e4034-bf47-4273-a402-e475d32e9d00">
      <TestCategory>
        <TestCategoryItem TestCategory="Positive" />
        <TestCategoryItem TestCategory="Login" />
        <TestCategoryItem TestCategory="xml" />
      </TestCategory>
      <Execution id="00ee1fec-8c4b-4c70-8f71-d3852039943a" />
      <TestMethod codeBase="D:\OneDrive - Constellation HomeBuilder Systems\VSprojects\SauceLabs\bin\Debug\SauceLabs.dll" adapterTypeName="executor://mstestadapter/v2" className="SauceLabs.TestExecution" name="TestMethod_Login" />
    </UnitTest>
    <UnitTest name="TestMethod_Login (Data Row 1)" storage="d:\onedrive - constellation homebuilder systems\vsprojects\saucelabs\bin\debug\saucelabs.dll" id="21c786eb-7c4b-4553-a74c-d3edaf92bd57">
      <TestCategory>
        <TestCategoryItem TestCategory="Positive" />
        <TestCategoryItem TestCategory="Login" />
        <TestCategoryItem TestCategory="xml" />
      </TestCategory>
      <Execution id="b9fca4f1-e3e0-468f-bf8c-ebf4be198980" />
      <TestMethod codeBase="D:\OneDrive - Constellation HomeBuilder Systems\VSprojects\SauceLabs\bin\Debug\SauceLabs.dll" adapterTypeName="executor://mstestadapter/v2" className="SauceLabs.TestExecution" name="TestMethod_Login" />
    </UnitTest>
  </TestDefinitions>
  <TestEntries>
    <TestEntry testId="d8963d31-d29e-43e3-9c15-40526552dc84" executionId="2a02937c-9171-472e-9188-716e83942113" testListId="8c84fa94-04c1-424b-9868-57a2d4851a1d" />
    <TestEntry testId="e95e4034-bf47-4273-a402-e475d32e9d00" executionId="00ee1fec-8c4b-4c70-8f71-d3852039943a" testListId="8c84fa94-04c1-424b-9868-57a2d4851a1d" />
    <TestEntry testId="21c786eb-7c4b-4553-a74c-d3edaf92bd57" executionId="b9fca4f1-e3e0-468f-bf8c-ebf4be198980" testListId="8c84fa94-04c1-424b-9868-57a2d4851a1d" />
    <TestEntry testId="196666c6-f0c0-4c5e-aa8d-54e6b271cb62" executionId="9920e02e-3ca2-404f-9970-ad84d9f36cbc" testListId="8c84fa94-04c1-424b-9868-57a2d4851a1d" />
  </TestEntries>
  <TestLists>
    <TestList name="Results Not in a List" id="8c84fa94-04c1-424b-9868-57a2d4851a1d" />
    <TestList name="All Loaded Results" id="19431567-8539-422a-85d7-44ee4e166bda" />
  </TestLists>
  <ResultSummary outcome="Failed">
    <Counters total="4" executed="4" passed="2" failed="2" error="0" timeout="0" aborted="0" inconclusive="0" passedButRunAborted="0" notRunnable="0" notExecuted="0" disconnected="0" warning="0" completed="0" inProgress="0" pending="0" />
  </ResultSummary>
</TestRun>